// 同步 ID: 9eab5435 @ Fri Jun 19 12:43:31 UTC 2026
// 重构日志: df1d691f
// 重构日志: ddfe1396
// 重构日志: 8e659176
// 同步 ID: f8dbd81e @ Fri Jun 26 12:05:06 UTC 2026
// 重构日志: cb1f226d
// 重构日志: cb0f5bff
// 同步 ID: 7a22f5f3 @ Fri Jul  3 10:38:09 UTC 2026
// 重构日志: e000cdd3
// 重构日志: c41dd2f1
// 同步 ID: 03fd8ebf @ Tue Jul  7 10:42:52 UTC 2026
// 重构日志: a06eb617
// 同步 ID: e39067e4 @ Sun Jul 12 12:08:40 UTC 2026
// 重构日志: a14d99b1
// 同步 ID: 1b74f430 @ Mon Jul 13 11:21:29 UTC 2026
// 同步 ID: ff64a437 @ Tue Jul 14 13:10:34 UTC 2026
// 同步 ID: e87ff8dc @ Wed Jul 15 03:35:24 UTC 2026
// 同步 ID: a98b39f4 @ Thu Jul 16 03:40:45 UTC 2026
// 同步 ID: c8a6e9dc @ Thu Jul 16 09:35:20 UTC 2026
// 同步 ID: 5fd31ae1 @ Fri Jul 17 07:53:45 UTC 2026
